# Logfile created on 2014-02-23 11:14:58 -0600 by logger.rb/44203
I, [2014-02-23T11:14:58.336896 #94759]  INFO -- : 0:  rake (0.9.2.2) from /Users/chrisaga/.rvm/rubies/ruby-2.1.0/lib/ruby/gems/2.1.0/specifications/rake-0.9.2.2.gemspec
I, [2014-02-23T11:14:58.337225 #94759]  INFO -- : 0:  addressable (2.2.8) from /Users/chrisaga/.rvm/rubies/ruby-2.1.0/lib/ruby/gems/2.1.0/specifications/addressable-2.2.8.gemspec
I, [2014-02-23T11:14:58.873370 #94759]  INFO -- : 0:  backports (2.6.2) from /Users/chrisaga/.rvm/rubies/ruby-2.1.0/lib/ruby/gems/2.1.0/specifications/backports-2.6.2.gemspec
I, [2014-02-23T11:14:59.645605 #94759]  INFO -- : 0:  bcrypt-ruby (3.0.1) from /Users/chrisaga/.rvm/rubies/ruby-2.1.0/lib/ruby/gems/2.1.0/specifications/bcrypt-ruby-3.0.1.gemspec
I, [2014-02-23T11:14:59.944627 #94759]  INFO -- : 0:  coffee-script-source (1.3.3) from /Users/chrisaga/.rvm/rubies/ruby-2.1.0/lib/ruby/gems/2.1.0/specifications/coffee-script-source-1.3.3.gemspec
I, [2014-02-23T11:15:00.209317 #94759]  INFO -- : 0:  multi_json (1.0.4) from /Users/chrisaga/.rvm/rubies/ruby-2.1.0/lib/ruby/gems/2.1.0/specifications/multi_json-1.0.4.gemspec
I, [2014-02-23T11:15:00.472212 #94759]  INFO -- : 0:  execjs (1.4.0) from /Users/chrisaga/.rvm/rubies/ruby-2.1.0/lib/ruby/gems/2.1.0/specifications/execjs-1.4.0.gemspec
I, [2014-02-23T11:15:00.472609 #94759]  INFO -- : 0:  coffee-script (2.2.0) from /Users/chrisaga/.rvm/rubies/ruby-2.1.0/lib/ruby/gems/2.1.0/specifications/coffee-script-2.2.0.gemspec
I, [2014-02-23T11:15:00.774799 #94759]  INFO -- : 0:  daemons (1.1.8) from /Users/chrisaga/.rvm/rubies/ruby-2.1.0/lib/ruby/gems/2.1.0/specifications/daemons-1.1.8.gemspec
I, [2014-02-23T11:15:01.553413 #94759]  INFO -- : 0:  dm-core (1.2.0) from /Users/chrisaga/.rvm/rubies/ruby-2.1.0/lib/ruby/gems/2.1.0/specifications/dm-core-1.2.0.gemspec
I, [2014-02-23T11:15:01.881544 #94759]  INFO -- : 0:  dm-aggregates (1.2.0) from /Users/chrisaga/.rvm/rubies/ruby-2.1.0/lib/ruby/gems/2.1.0/specifications/dm-aggregates-1.2.0.gemspec
I, [2014-02-23T11:15:02.122442 #94759]  INFO -- : 0:  dm-constraints (1.2.0) from /Users/chrisaga/.rvm/rubies/ruby-2.1.0/lib/ruby/gems/2.1.0/specifications/dm-constraints-1.2.0.gemspec
I, [2014-02-23T11:15:02.402255 #94759]  INFO -- : 0:  dm-migrations (1.2.0) from /Users/chrisaga/.rvm/rubies/ruby-2.1.0/lib/ruby/gems/2.1.0/specifications/dm-migrations-1.2.0.gemspec
I, [2014-02-23T11:15:02.936314 #94759]  INFO -- : 0:  fastercsv (1.5.5) from /Users/chrisaga/.rvm/rubies/ruby-2.1.0/lib/ruby/gems/2.1.0/specifications/fastercsv-1.5.5.gemspec
I, [2014-02-23T11:15:04.195335 #94759]  INFO -- : 0:  json (1.6.7) from /Users/chrisaga/.rvm/rubies/ruby-2.1.0/lib/ruby/gems/2.1.0/specifications/json-1.6.7.gemspec
I, [2014-02-23T11:15:04.668077 #94759]  INFO -- : 0:  json_pure (1.6.7) from /Users/chrisaga/.rvm/rubies/ruby-2.1.0/lib/ruby/gems/2.1.0/specifications/json_pure-1.6.7.gemspec
I, [2014-02-23T11:15:04.914237 #94759]  INFO -- : 0:  dm-serializer (1.2.1) from /Users/chrisaga/.rvm/rubies/ruby-2.1.0/lib/ruby/gems/2.1.0/specifications/dm-serializer-1.2.1.gemspec
I, [2014-02-23T11:15:05.184893 #94759]  INFO -- : 0:  dm-timestamps (1.2.0) from /Users/chrisaga/.rvm/rubies/ruby-2.1.0/lib/ruby/gems/2.1.0/specifications/dm-timestamps-1.2.0.gemspec
I, [2014-02-23T11:15:05.531906 #94759]  INFO -- : 0:  dm-transactions (1.2.0) from /Users/chrisaga/.rvm/rubies/ruby-2.1.0/lib/ruby/gems/2.1.0/specifications/dm-transactions-1.2.0.gemspec
I, [2014-02-23T11:15:06.038744 #94759]  INFO -- : 0:  stringex (1.3.3) from /Users/chrisaga/.rvm/rubies/ruby-2.1.0/lib/ruby/gems/2.1.0/specifications/stringex-1.3.3.gemspec
I, [2014-02-23T11:15:06.292264 #94759]  INFO -- : 0:  uuidtools (2.1.3) from /Users/chrisaga/.rvm/rubies/ruby-2.1.0/lib/ruby/gems/2.1.0/specifications/uuidtools-2.1.3.gemspec
I, [2014-02-23T11:15:07.013659 #94759]  INFO -- : 0:  dm-types (1.2.1) from /Users/chrisaga/.rvm/rubies/ruby-2.1.0/lib/ruby/gems/2.1.0/specifications/dm-types-1.2.1.gemspec
I, [2014-02-23T11:15:07.549906 #94759]  INFO -- : 0:  dm-validations (1.2.0) from /Users/chrisaga/.rvm/rubies/ruby-2.1.0/lib/ruby/gems/2.1.0/specifications/dm-validations-1.2.0.gemspec
I, [2014-02-23T11:15:07.784360 #94759]  INFO -- : 0:  data_mapper (1.2.0) from /Users/chrisaga/.rvm/rubies/ruby-2.1.0/lib/ruby/gems/2.1.0/specifications/data_mapper-1.2.0.gemspec
I, [2014-02-23T11:15:08.070863 #94759]  INFO -- : 0:  data_objects (0.10.8) from /Users/chrisaga/.rvm/rubies/ruby-2.1.0/lib/ruby/gems/2.1.0/specifications/data_objects-0.10.8.gemspec
I, [2014-02-23T11:15:08.327210 #94759]  INFO -- : 0:  dm-do-adapter (1.2.0) from /Users/chrisaga/.rvm/rubies/ruby-2.1.0/lib/ruby/gems/2.1.0/specifications/dm-do-adapter-1.2.0.gemspec
E, [2014-02-23T11:15:08.819162 #94759] ERROR -- : Gem::Ext::BuildError: ERROR: Failed to build gem native extension.

    /Users/chrisaga/.rvm/rubies/ruby-2.1.0/bin/ruby extconf.rb 
checking for main() in -lpq... yes
checking for libpq-fe.h... no
*** extconf.rb failed ***
Could not create Makefile due to some reason, probably lack of necessary
libraries and/or headers.  Check the mkmf.log file for more details.  You may
need configuration options.

Provided configuration options:
	--with-opt-dir
	--without-opt-dir
	--with-opt-include
	--without-opt-include=${opt-dir}/include
	--with-opt-lib
	--without-opt-lib=${opt-dir}/lib
	--with-make-prog
	--without-make-prog
	--srcdir=.
	--curdir
	--ruby=/Users/chrisaga/.rvm/rubies/ruby-2.1.0/bin/ruby
	--with-pgsql-server-dir
	--without-pgsql-server-dir
	--with-pgsql-server-include
	--without-pgsql-server-include=${pgsql-server-dir}/include
	--with-pgsql-server-lib
	--without-pgsql-server-lib=${pgsql-server-dir}/lib
	--with-pgsql-client-dir
	--without-pgsql-client-dir
	--with-pgsql-client-include
	--without-pgsql-client-include=${pgsql-client-dir}/include
	--with-pgsql-client-lib
	--without-pgsql-client-lib=${pgsql-client-dir}/lib
	--with-pqlib
	--without-pqlib
Could not find PostgreSQL build environment (libraries & headers): Makefile not created

extconf failed, exit code 1

Gem files will remain installed in /Users/chrisaga/.rvm/rubies/ruby-2.1.0/lib/ruby/gems/2.1.0/gems/do_postgres-0.10.8 for inspection.
Results logged to /Users/chrisaga/.rvm/rubies/ruby-2.1.0/lib/ruby/gems/2.1.0/extensions/x86_64-darwin-12/2.1.0-static/do_postgres-0.10.8/gem_make.out

/Users/chrisaga/.rvm/rubies/ruby-2.1.0/lib/ruby/site_ruby/2.1.0/rubygems/ext/builder.rb:89:in `run'  \n/Users/chrisaga/.rvm/rubies/ruby-2.1.0/lib/ruby/site_ruby/2.1.0/rubygems/ext/ext_conf_builder.rb:38:in `block in build'  \n/Users/chrisaga/.rvm/rubies/ruby-2.1.0/lib/ruby/2.1.0/tempfile.rb:324:in `open'  \n/Users/chrisaga/.rvm/rubies/ruby-2.1.0/lib/ruby/site_ruby/2.1.0/rubygems/ext/ext_conf_builder.rb:17:in `build'  \n/Users/chrisaga/.rvm/rubies/ruby-2.1.0/lib/ruby/site_ruby/2.1.0/rubygems/ext/builder.rb:161:in `block (2 levels) in build_extension'  \n/Users/chrisaga/.rvm/rubies/ruby-2.1.0/lib/ruby/site_ruby/2.1.0/rubygems/ext/builder.rb:160:in `chdir'  \n/Users/chrisaga/.rvm/rubies/ruby-2.1.0/lib/ruby/site_ruby/2.1.0/rubygems/ext/builder.rb:160:in `block in build_extension'  \n/Users/chrisaga/.rvm/rubies/ruby-2.1.0/lib/ruby/site_ruby/2.1.0/rubygems/ext/builder.rb:159:in `synchronize'  \n/Users/chrisaga/.rvm/rubies/ruby-2.1.0/lib/ruby/site_ruby/2.1.0/rubygems/ext/builder.rb:159:in `build_extension'  \n/Users/chrisaga/.rvm/rubies/ruby-2.1.0/lib/ruby/site_ruby/2.1.0/rubygems/ext/builder.rb:198:in `block in build_extensions'  \n/Users/chrisaga/.rvm/rubies/ruby-2.1.0/lib/ruby/site_ruby/2.1.0/rubygems/ext/builder.rb:195:in `each'  \n/Users/chrisaga/.rvm/rubies/ruby-2.1.0/lib/ruby/site_ruby/2.1.0/rubygems/ext/builder.rb:195:in `build_extensions'  \n/Users/chrisaga/.rvm/rubies/ruby-2.1.0/lib/ruby/site_ruby/2.1.0/rubygems/installer.rb:677:in `build_extensions'  \n/Users/chrisaga/.rvm/rubies/ruby-2.1.0/lib/ruby/site_ruby/2.1.0/rubygems/installer.rb:232:in `install'  \n/Users/chrisaga/.rvm/rubies/ruby-2.1.0/lib/ruby/gems/2.1.0/gems/bundler-1.5.1/lib/bundler/source/rubygems.rb:101:in `block in install'  \n/Users/chrisaga/.rvm/rubies/ruby-2.1.0/lib/ruby/gems/2.1.0/gems/bundler-1.5.1/lib/bundler/rubygems_integration.rb:118:in `preserve_paths'  \n/Users/chrisaga/.rvm/rubies/ruby-2.1.0/lib/ruby/gems/2.1.0/gems/bundler-1.5.1/lib/bundler/source/rubygems.rb:94:in `install'  \n/Users/chrisaga/.rvm/rubies/ruby-2.1.0/lib/ruby/gems/2.1.0/gems/bundler-1.5.1/lib/bundler/installer.rb:111:in `block in install_gem_from_spec'  \n/Users/chrisaga/.rvm/rubies/ruby-2.1.0/lib/ruby/gems/2.1.0/gems/bundler-1.5.1/lib/bundler/rubygems_integration.rb:150:in `with_build_args'  \n/Users/chrisaga/.rvm/rubies/ruby-2.1.0/lib/ruby/gems/2.1.0/gems/bundler-1.5.1/lib/bundler/installer.rb:110:in `install_gem_from_spec'  \n/Users/chrisaga/.rvm/rubies/ruby-2.1.0/lib/ruby/gems/2.1.0/gems/bundler-1.5.1/lib/bundler/installer.rb:295:in `block in install_sequentially'  \n/Users/chrisaga/.rvm/rubies/ruby-2.1.0/lib/ruby/2.1.0/forwardable.rb:183:in `each'  \n/Users/chrisaga/.rvm/rubies/ruby-2.1.0/lib/ruby/2.1.0/forwardable.rb:183:in `each'  \n/Users/chrisaga/.rvm/rubies/ruby-2.1.0/lib/ruby/gems/2.1.0/gems/bundler-1.5.1/lib/bundler/installer.rb:294:in `install_sequentially'  \n/Users/chrisaga/.rvm/rubies/ruby-2.1.0/lib/ruby/gems/2.1.0/gems/bundler-1.5.1/lib/bundler/installer.rb:97:in `run'  \n/Users/chrisaga/.rvm/rubies/ruby-2.1.0/lib/ruby/gems/2.1.0/gems/bundler-1.5.1/lib/bundler/installer.rb:15:in `install'  \n/Users/chrisaga/.rvm/rubies/ruby-2.1.0/lib/ruby/gems/2.1.0/gems/bundler-1.5.1/lib/bundler/cli.rb:257:in `install'  \n/Users/chrisaga/.rvm/rubies/ruby-2.1.0/lib/ruby/gems/2.1.0/gems/bundler-1.5.1/lib/bundler/vendor/thor/command.rb:27:in `run'  \n/Users/chrisaga/.rvm/rubies/ruby-2.1.0/lib/ruby/gems/2.1.0/gems/bundler-1.5.1/lib/bundler/vendor/thor/invocation.rb:120:in `invoke_command'  \n/Users/chrisaga/.rvm/rubies/ruby-2.1.0/lib/ruby/gems/2.1.0/gems/bundler-1.5.1/lib/bundler/vendor/thor.rb:363:in `dispatch'  \n/Users/chrisaga/.rvm/rubies/ruby-2.1.0/lib/ruby/gems/2.1.0/gems/bundler-1.5.1/lib/bundler/vendor/thor/base.rb:438:in `start'  \n/Users/chrisaga/.rvm/rubies/ruby-2.1.0/lib/ruby/gems/2.1.0/gems/bundler-1.5.1/lib/bundler/cli.rb:10:in `start'  \n/Users/chrisaga/.rvm/rubies/ruby-2.1.0/lib/ruby/gems/2.1.0/gems/bundler-1.5.1/bin/bundle:22:in `block in <top (required)>'  \n/Users/chrisaga/.rvm/rubies/ruby-2.1.0/lib/ruby/gems/2.1.0/gems/bundler-1.5.1/lib/bundler/friendly_errors.rb:5:in `with_friendly_errors'  \n/Users/chrisaga/.rvm/rubies/ruby-2.1.0/lib/ruby/gems/2.1.0/gems/bundler-1.5.1/bin/bundle:22:in `<top (required)>'  \n/Users/chrisaga/.rvm/gems/ruby-2.1.0@global/bin/bundle:23:in `load'  \n/Users/chrisaga/.rvm/gems/ruby-2.1.0@global/bin/bundle:23:in `<main>'  \n/Users/chrisaga/.rvm/gems/ruby-2.1.0@global/bin/ruby_executable_hooks:15:in `eval'  \n/Users/chrisaga/.rvm/gems/ruby-2.1.0@global/bin/ruby_executable_hooks:15:in `<main>'
I, [2014-02-23T11:15:47.431930 #94981]  INFO -- : 0:  rake (0.9.2.2) from /Users/chrisaga/.rvm/rubies/ruby-2.1.0/lib/ruby/gems/2.1.0/specifications/rake-0.9.2.2.gemspec
I, [2014-02-23T11:15:47.432259 #94981]  INFO -- : 0:  backports (2.6.2) from /Users/chrisaga/.rvm/rubies/ruby-2.1.0/lib/ruby/gems/2.1.0/specifications/backports-2.6.2.gemspec
I, [2014-02-23T11:15:47.432491 #94981]  INFO -- : 0:  coffee-script-source (1.3.3) from /Users/chrisaga/.rvm/rubies/ruby-2.1.0/lib/ruby/gems/2.1.0/specifications/coffee-script-source-1.3.3.gemspec
I, [2014-02-23T11:15:47.432709 #94981]  INFO -- : 0:  multi_json (1.0.4) from /Users/chrisaga/.rvm/rubies/ruby-2.1.0/lib/ruby/gems/2.1.0/specifications/multi_json-1.0.4.gemspec
I, [2014-02-23T11:15:47.432921 #94981]  INFO -- : 0:  execjs (1.4.0) from /Users/chrisaga/.rvm/rubies/ruby-2.1.0/lib/ruby/gems/2.1.0/specifications/execjs-1.4.0.gemspec
I, [2014-02-23T11:15:47.433131 #94981]  INFO -- : 0:  coffee-script (2.2.0) from /Users/chrisaga/.rvm/rubies/ruby-2.1.0/lib/ruby/gems/2.1.0/specifications/coffee-script-2.2.0.gemspec
I, [2014-02-23T11:15:47.433341 #94981]  INFO -- : 0:  daemons (1.1.8) from /Users/chrisaga/.rvm/rubies/ruby-2.1.0/lib/ruby/gems/2.1.0/specifications/daemons-1.1.8.gemspec
I, [2014-02-23T11:15:47.433546 #94981]  INFO -- : 0:  eventmachine (0.12.10) from /Users/chrisaga/.rvm/rubies/ruby-2.1.0/lib/ruby/gems/2.1.0/specifications/eventmachine-0.12.10.gemspec
I, [2014-02-23T11:15:48.550688 #94981]  INFO -- : 0:  haml (3.1.7) from /Users/chrisaga/.rvm/rubies/ruby-2.1.0/lib/ruby/gems/2.1.0/specifications/haml-3.1.7.gemspec
I, [2014-02-23T11:15:48.892370 #94981]  INFO -- : 0:  hike (1.2.1) from /Users/chrisaga/.rvm/rubies/ruby-2.1.0/lib/ruby/gems/2.1.0/specifications/hike-1.2.1.gemspec
I, [2014-02-23T11:15:48.892894 #94981]  INFO -- : 0:  rack (1.4.1) from /Users/chrisaga/.rvm/rubies/ruby-2.1.0/lib/ruby/gems/2.1.0/specifications/rack-1.4.1.gemspec
I, [2014-02-23T11:15:48.893185 #94981]  INFO -- : 0:  rack-protection (1.2.0) from /Users/chrisaga/.rvm/rubies/ruby-2.1.0/lib/ruby/gems/2.1.0/specifications/rack-protection-1.2.0.gemspec
I, [2014-02-23T11:15:48.893425 #94981]  INFO -- : 0:  rack-test (0.6.1) from /Users/chrisaga/.rvm/rubies/ruby-2.1.0/lib/ruby/gems/2.1.0/specifications/rack-test-0.6.1.gemspec
I, [2014-02-23T11:15:49.209866 #94981]  INFO -- : 0:  racksh (0.9.11) from /Users/chrisaga/.rvm/rubies/ruby-2.1.0/lib/ruby/gems/2.1.0/specifications/racksh-0.9.11.gemspec
I, [2014-02-23T11:15:49.770106 #94981]  INFO -- : 0:  sass (3.1.20) from /Users/chrisaga/.rvm/rubies/ruby-2.1.0/lib/ruby/gems/2.1.0/specifications/sass-3.1.20.gemspec
I, [2014-02-23T11:15:49.770440 #94981]  INFO -- : 0:  tilt (1.3.3) from /Users/chrisaga/.rvm/rubies/ruby-2.1.0/lib/ruby/gems/2.1.0/specifications/tilt-1.3.3.gemspec
I, [2014-02-23T11:15:49.770673 #94981]  INFO -- : 0:  sinatra (1.3.2) from /Users/chrisaga/.rvm/rubies/ruby-2.1.0/lib/ruby/gems/2.1.0/specifications/sinatra-1.3.2.gemspec
I, [2014-02-23T11:15:49.770894 #94981]  INFO -- : 0:  sinatra-contrib (1.3.1) from /Users/chrisaga/.rvm/rubies/ruby-2.1.0/lib/ruby/gems/2.1.0/specifications/sinatra-contrib-1.3.1.gemspec
I, [2014-02-23T11:15:50.219324 #94981]  INFO -- : 0:  sprockets (2.3.2) from /Users/chrisaga/.rvm/rubies/ruby-2.1.0/lib/ruby/gems/2.1.0/specifications/sprockets-2.3.2.gemspec
I, [2014-02-23T11:15:51.031565 #94981]  INFO -- : 0:  thin (1.4.1) from /Users/chrisaga/.rvm/rubies/ruby-2.1.0/lib/ruby/gems/2.1.0/specifications/thin-1.4.1.gemspec
I, [2014-02-23T11:15:51.031925 #94981]  INFO -- : 0:  bundler (1.5.1) from /Users/chrisaga/.rvm/rubies/ruby-2.1.0/lib/ruby/gems/2.1.0/specifications/bundler-1.5.1.gemspec
I, [2014-02-23T11:22:10.915242 #95092]  INFO -- : 0:  rake (0.9.2.2) from /Users/chrisaga/.rvm/rubies/ruby-2.1.0/lib/ruby/gems/2.1.0/specifications/rake-0.9.2.2.gemspec
I, [2014-02-23T11:22:10.915604 #95092]  INFO -- : 0:  addressable (2.3.5) from /Users/chrisaga/.rvm/rubies/ruby-2.1.0/lib/ruby/gems/2.1.0/specifications/addressable-2.3.5.gemspec
I, [2014-02-23T11:22:10.915862 #95092]  INFO -- : 0:  backports (2.6.2) from /Users/chrisaga/.rvm/rubies/ruby-2.1.0/lib/ruby/gems/2.1.0/specifications/backports-2.6.2.gemspec
I, [2014-02-23T11:22:12.364655 #95092]  INFO -- : 0:  bcrypt (3.1.6) from /Users/chrisaga/.rvm/rubies/ruby-2.1.0/lib/ruby/gems/2.1.0/specifications/bcrypt-3.1.6.gemspec
I, [2014-02-23T11:22:12.682418 #95092]  INFO -- : 0:  bcrypt-ruby (3.1.5) from /Users/chrisaga/.rvm/rubies/ruby-2.1.0/lib/ruby/gems/2.1.0/specifications/bcrypt-ruby-3.1.5.gemspec
I, [2014-02-23T11:22:12.683097 #95092]  INFO -- : 0:  coffee-script-source (1.3.3) from /Users/chrisaga/.rvm/rubies/ruby-2.1.0/lib/ruby/gems/2.1.0/specifications/coffee-script-source-1.3.3.gemspec
I, [2014-02-23T11:22:12.683582 #95092]  INFO -- : 0:  multi_json (1.0.4) from /Users/chrisaga/.rvm/rubies/ruby-2.1.0/lib/ruby/gems/2.1.0/specifications/multi_json-1.0.4.gemspec
I, [2014-02-23T11:22:12.683909 #95092]  INFO -- : 0:  execjs (1.4.0) from /Users/chrisaga/.rvm/rubies/ruby-2.1.0/lib/ruby/gems/2.1.0/specifications/execjs-1.4.0.gemspec
I, [2014-02-23T11:22:12.684182 #95092]  INFO -- : 0:  coffee-script (2.2.0) from /Users/chrisaga/.rvm/rubies/ruby-2.1.0/lib/ruby/gems/2.1.0/specifications/coffee-script-2.2.0.gemspec
I, [2014-02-23T11:22:12.684438 #95092]  INFO -- : 0:  daemons (1.1.8) from /Users/chrisaga/.rvm/rubies/ruby-2.1.0/lib/ruby/gems/2.1.0/specifications/daemons-1.1.8.gemspec
I, [2014-02-23T11:22:13.257436 #95092]  INFO -- : 0:  dm-core (1.2.1) from /Users/chrisaga/.rvm/rubies/ruby-2.1.0/lib/ruby/gems/2.1.0/specifications/dm-core-1.2.1.gemspec
I, [2014-02-23T11:22:13.258182 #95092]  INFO -- : 0:  dm-aggregates (1.2.0) from /Users/chrisaga/.rvm/rubies/ruby-2.1.0/lib/ruby/gems/2.1.0/specifications/dm-aggregates-1.2.0.gemspec
I, [2014-02-23T11:22:13.258641 #95092]  INFO -- : 0:  dm-constraints (1.2.0) from /Users/chrisaga/.rvm/rubies/ruby-2.1.0/lib/ruby/gems/2.1.0/specifications/dm-constraints-1.2.0.gemspec
I, [2014-02-23T11:22:13.259093 #95092]  INFO -- : 0:  dm-migrations (1.2.0) from /Users/chrisaga/.rvm/rubies/ruby-2.1.0/lib/ruby/gems/2.1.0/specifications/dm-migrations-1.2.0.gemspec
I, [2014-02-23T11:22:13.259486 #95092]  INFO -- : 0:  fastercsv (1.5.5) from /Users/chrisaga/.rvm/rubies/ruby-2.1.0/lib/ruby/gems/2.1.0/specifications/fastercsv-1.5.5.gemspec
I, [2014-02-23T11:22:13.259786 #95092]  INFO -- : 0:  json (1.8.1) from /Users/chrisaga/.rvm/rubies/ruby-2.1.0/lib/ruby/gems/2.1.0/specifications/default/json-1.8.1.gemspec
I, [2014-02-23T11:22:13.748079 #95092]  INFO -- : 0:  json_pure (1.8.1) from /Users/chrisaga/.rvm/rubies/ruby-2.1.0/lib/ruby/gems/2.1.0/specifications/json_pure-1.8.1.gemspec
I, [2014-02-23T11:22:13.998468 #95092]  INFO -- : 0:  dm-serializer (1.2.2) from /Users/chrisaga/.rvm/rubies/ruby-2.1.0/lib/ruby/gems/2.1.0/specifications/dm-serializer-1.2.2.gemspec
I, [2014-02-23T11:22:13.998786 #95092]  INFO -- : 0:  dm-timestamps (1.2.0) from /Users/chrisaga/.rvm/rubies/ruby-2.1.0/lib/ruby/gems/2.1.0/specifications/dm-timestamps-1.2.0.gemspec
I, [2014-02-23T11:22:13.999020 #95092]  INFO -- : 0:  dm-transactions (1.2.0) from /Users/chrisaga/.rvm/rubies/ruby-2.1.0/lib/ruby/gems/2.1.0/specifications/dm-transactions-1.2.0.gemspec
I, [2014-02-23T11:22:14.441899 #95092]  INFO -- : 0:  stringex (1.5.1) from /Users/chrisaga/.rvm/rubies/ruby-2.1.0/lib/ruby/gems/2.1.0/specifications/stringex-1.5.1.gemspec
I, [2014-02-23T11:22:16.510068 #95092]  INFO -- : 0:  uuidtools (2.1.4) from /Users/chrisaga/.rvm/rubies/ruby-2.1.0/lib/ruby/gems/2.1.0/specifications/uuidtools-2.1.4.gemspec
I, [2014-02-23T11:22:16.997356 #95092]  INFO -- : 0:  dm-types (1.2.2) from /Users/chrisaga/.rvm/rubies/ruby-2.1.0/lib/ruby/gems/2.1.0/specifications/dm-types-1.2.2.gemspec
I, [2014-02-23T11:22:16.997699 #95092]  INFO -- : 0:  dm-validations (1.2.0) from /Users/chrisaga/.rvm/rubies/ruby-2.1.0/lib/ruby/gems/2.1.0/specifications/dm-validations-1.2.0.gemspec
I, [2014-02-23T11:22:16.997971 #95092]  INFO -- : 0:  data_mapper (1.2.0) from /Users/chrisaga/.rvm/rubies/ruby-2.1.0/lib/ruby/gems/2.1.0/specifications/data_mapper-1.2.0.gemspec
I, [2014-02-23T11:22:17.343481 #95092]  INFO -- : 0:  data_objects (0.10.14) from /Users/chrisaga/.rvm/rubies/ruby-2.1.0/lib/ruby/gems/2.1.0/specifications/data_objects-0.10.14.gemspec
I, [2014-02-23T11:22:17.343795 #95092]  INFO -- : 0:  dm-do-adapter (1.2.0) from /Users/chrisaga/.rvm/rubies/ruby-2.1.0/lib/ruby/gems/2.1.0/specifications/dm-do-adapter-1.2.0.gemspec
E, [2014-02-23T11:22:17.844156 #95092] ERROR -- : Gem::Ext::BuildError: ERROR: Failed to build gem native extension.

    /Users/chrisaga/.rvm/rubies/ruby-2.1.0/bin/ruby extconf.rb 
checking for main() in -lpq... yes
checking for libpq-fe.h... no
*** extconf.rb failed ***
Could not create Makefile due to some reason, probably lack of necessary
libraries and/or headers.  Check the mkmf.log file for more details.  You may
need configuration options.

Provided configuration options:
	--with-opt-dir
	--without-opt-dir
	--with-opt-include
	--without-opt-include=${opt-dir}/include
	--with-opt-lib
	--without-opt-lib=${opt-dir}/lib
	--with-make-prog
	--without-make-prog
	--srcdir=.
	--curdir
	--ruby=/Users/chrisaga/.rvm/rubies/ruby-2.1.0/bin/ruby
	--with-pgsql-server-dir
	--without-pgsql-server-dir
	--with-pgsql-server-include
	--without-pgsql-server-include=${pgsql-server-dir}/include
	--with-pgsql-server-lib
	--without-pgsql-server-lib=${pgsql-server-dir}/lib
	--with-pgsql-client-dir
	--without-pgsql-client-dir
	--with-pgsql-client-include
	--without-pgsql-client-include=${pgsql-client-dir}/include
	--with-pgsql-client-lib
	--without-pgsql-client-lib=${pgsql-client-dir}/lib
	--with-pqlib
	--without-pqlib
Could not find PostgreSQL build environment (libraries & headers): Makefile not created

extconf failed, exit code 1

Gem files will remain installed in /Users/chrisaga/.rvm/rubies/ruby-2.1.0/lib/ruby/gems/2.1.0/gems/do_postgres-0.10.14 for inspection.
Results logged to /Users/chrisaga/.rvm/rubies/ruby-2.1.0/lib/ruby/gems/2.1.0/extensions/x86_64-darwin-12/2.1.0-static/do_postgres-0.10.14/gem_make.out

/Users/chrisaga/.rvm/rubies/ruby-2.1.0/lib/ruby/site_ruby/2.1.0/rubygems/ext/builder.rb:89:in `run'  \n/Users/chrisaga/.rvm/rubies/ruby-2.1.0/lib/ruby/site_ruby/2.1.0/rubygems/ext/ext_conf_builder.rb:38:in `block in build'  \n/Users/chrisaga/.rvm/rubies/ruby-2.1.0/lib/ruby/2.1.0/tempfile.rb:324:in `open'  \n/Users/chrisaga/.rvm/rubies/ruby-2.1.0/lib/ruby/site_ruby/2.1.0/rubygems/ext/ext_conf_builder.rb:17:in `build'  \n/Users/chrisaga/.rvm/rubies/ruby-2.1.0/lib/ruby/site_ruby/2.1.0/rubygems/ext/builder.rb:161:in `block (2 levels) in build_extension'  \n/Users/chrisaga/.rvm/rubies/ruby-2.1.0/lib/ruby/site_ruby/2.1.0/rubygems/ext/builder.rb:160:in `chdir'  \n/Users/chrisaga/.rvm/rubies/ruby-2.1.0/lib/ruby/site_ruby/2.1.0/rubygems/ext/builder.rb:160:in `block in build_extension'  \n/Users/chrisaga/.rvm/rubies/ruby-2.1.0/lib/ruby/site_ruby/2.1.0/rubygems/ext/builder.rb:159:in `synchronize'  \n/Users/chrisaga/.rvm/rubies/ruby-2.1.0/lib/ruby/site_ruby/2.1.0/rubygems/ext/builder.rb:159:in `build_extension'  \n/Users/chrisaga/.rvm/rubies/ruby-2.1.0/lib/ruby/site_ruby/2.1.0/rubygems/ext/builder.rb:198:in `block in build_extensions'  \n/Users/chrisaga/.rvm/rubies/ruby-2.1.0/lib/ruby/site_ruby/2.1.0/rubygems/ext/builder.rb:195:in `each'  \n/Users/chrisaga/.rvm/rubies/ruby-2.1.0/lib/ruby/site_ruby/2.1.0/rubygems/ext/builder.rb:195:in `build_extensions'  \n/Users/chrisaga/.rvm/rubies/ruby-2.1.0/lib/ruby/site_ruby/2.1.0/rubygems/installer.rb:677:in `build_extensions'  \n/Users/chrisaga/.rvm/rubies/ruby-2.1.0/lib/ruby/site_ruby/2.1.0/rubygems/installer.rb:232:in `install'  \n/Users/chrisaga/.rvm/rubies/ruby-2.1.0/lib/ruby/gems/2.1.0/gems/bundler-1.5.1/lib/bundler/source/rubygems.rb:101:in `block in install'  \n/Users/chrisaga/.rvm/rubies/ruby-2.1.0/lib/ruby/gems/2.1.0/gems/bundler-1.5.1/lib/bundler/rubygems_integration.rb:118:in `preserve_paths'  \n/Users/chrisaga/.rvm/rubies/ruby-2.1.0/lib/ruby/gems/2.1.0/gems/bundler-1.5.1/lib/bundler/source/rubygems.rb:94:in `install'  \n/Users/chrisaga/.rvm/rubies/ruby-2.1.0/lib/ruby/gems/2.1.0/gems/bundler-1.5.1/lib/bundler/installer.rb:111:in `block in install_gem_from_spec'  \n/Users/chrisaga/.rvm/rubies/ruby-2.1.0/lib/ruby/gems/2.1.0/gems/bundler-1.5.1/lib/bundler/rubygems_integration.rb:150:in `with_build_args'  \n/Users/chrisaga/.rvm/rubies/ruby-2.1.0/lib/ruby/gems/2.1.0/gems/bundler-1.5.1/lib/bundler/installer.rb:110:in `install_gem_from_spec'  \n/Users/chrisaga/.rvm/rubies/ruby-2.1.0/lib/ruby/gems/2.1.0/gems/bundler-1.5.1/lib/bundler/installer.rb:295:in `block in install_sequentially'  \n/Users/chrisaga/.rvm/rubies/ruby-2.1.0/lib/ruby/2.1.0/forwardable.rb:183:in `each'  \n/Users/chrisaga/.rvm/rubies/ruby-2.1.0/lib/ruby/2.1.0/forwardable.rb:183:in `each'  \n/Users/chrisaga/.rvm/rubies/ruby-2.1.0/lib/ruby/gems/2.1.0/gems/bundler-1.5.1/lib/bundler/installer.rb:294:in `install_sequentially'  \n/Users/chrisaga/.rvm/rubies/ruby-2.1.0/lib/ruby/gems/2.1.0/gems/bundler-1.5.1/lib/bundler/installer.rb:97:in `run'  \n/Users/chrisaga/.rvm/rubies/ruby-2.1.0/lib/ruby/gems/2.1.0/gems/bundler-1.5.1/lib/bundler/installer.rb:15:in `install'  \n/Users/chrisaga/.rvm/rubies/ruby-2.1.0/lib/ruby/gems/2.1.0/gems/bundler-1.5.1/lib/bundler/cli.rb:257:in `install'  \n/Users/chrisaga/.rvm/rubies/ruby-2.1.0/lib/ruby/gems/2.1.0/gems/bundler-1.5.1/lib/bundler/vendor/thor/command.rb:27:in `run'  \n/Users/chrisaga/.rvm/rubies/ruby-2.1.0/lib/ruby/gems/2.1.0/gems/bundler-1.5.1/lib/bundler/vendor/thor/invocation.rb:120:in `invoke_command'  \n/Users/chrisaga/.rvm/rubies/ruby-2.1.0/lib/ruby/gems/2.1.0/gems/bundler-1.5.1/lib/bundler/vendor/thor.rb:363:in `dispatch'  \n/Users/chrisaga/.rvm/rubies/ruby-2.1.0/lib/ruby/gems/2.1.0/gems/bundler-1.5.1/lib/bundler/vendor/thor/base.rb:438:in `start'  \n/Users/chrisaga/.rvm/rubies/ruby-2.1.0/lib/ruby/gems/2.1.0/gems/bundler-1.5.1/lib/bundler/cli.rb:10:in `start'  \n/Users/chrisaga/.rvm/rubies/ruby-2.1.0/lib/ruby/gems/2.1.0/gems/bundler-1.5.1/bin/bundle:22:in `block in <top (required)>'  \n/Users/chrisaga/.rvm/rubies/ruby-2.1.0/lib/ruby/gems/2.1.0/gems/bundler-1.5.1/lib/bundler/friendly_errors.rb:5:in `with_friendly_errors'  \n/Users/chrisaga/.rvm/rubies/ruby-2.1.0/lib/ruby/gems/2.1.0/gems/bundler-1.5.1/bin/bundle:22:in `<top (required)>'  \n/Users/chrisaga/.rvm/gems/ruby-2.1.0@global/bin/bundle:23:in `load'  \n/Users/chrisaga/.rvm/gems/ruby-2.1.0@global/bin/bundle:23:in `<main>'  \n/Users/chrisaga/.rvm/gems/ruby-2.1.0@global/bin/ruby_executable_hooks:15:in `eval'  \n/Users/chrisaga/.rvm/gems/ruby-2.1.0@global/bin/ruby_executable_hooks:15:in `<main>'
I, [2014-02-23T11:28:18.141311 #96431]  INFO -- : 0:  rake (0.9.2.2) from /Users/chrisaga/.rvm/rubies/ruby-2.1.0/lib/ruby/gems/2.1.0/specifications/rake-0.9.2.2.gemspec
I, [2014-02-23T11:28:18.141616 #96431]  INFO -- : 0:  addressable (2.3.5) from /Users/chrisaga/.rvm/rubies/ruby-2.1.0/lib/ruby/gems/2.1.0/specifications/addressable-2.3.5.gemspec
I, [2014-02-23T11:28:18.141861 #96431]  INFO -- : 0:  backports (2.6.2) from /Users/chrisaga/.rvm/rubies/ruby-2.1.0/lib/ruby/gems/2.1.0/specifications/backports-2.6.2.gemspec
I, [2014-02-23T11:28:18.142118 #96431]  INFO -- : 0:  bcrypt (3.1.6) from /Users/chrisaga/.rvm/rubies/ruby-2.1.0/lib/ruby/gems/2.1.0/specifications/bcrypt-3.1.6.gemspec
I, [2014-02-23T11:28:18.142360 #96431]  INFO -- : 0:  bcrypt-ruby (3.1.5) from /Users/chrisaga/.rvm/rubies/ruby-2.1.0/lib/ruby/gems/2.1.0/specifications/bcrypt-ruby-3.1.5.gemspec
I, [2014-02-23T11:28:18.142596 #96431]  INFO -- : 0:  coffee-script-source (1.3.3) from /Users/chrisaga/.rvm/rubies/ruby-2.1.0/lib/ruby/gems/2.1.0/specifications/coffee-script-source-1.3.3.gemspec
I, [2014-02-23T11:28:18.142860 #96431]  INFO -- : 0:  multi_json (1.0.4) from /Users/chrisaga/.rvm/rubies/ruby-2.1.0/lib/ruby/gems/2.1.0/specifications/multi_json-1.0.4.gemspec
I, [2014-02-23T11:28:18.143104 #96431]  INFO -- : 0:  execjs (1.4.0) from /Users/chrisaga/.rvm/rubies/ruby-2.1.0/lib/ruby/gems/2.1.0/specifications/execjs-1.4.0.gemspec
I, [2014-02-23T11:28:18.143337 #96431]  INFO -- : 0:  coffee-script (2.2.0) from /Users/chrisaga/.rvm/rubies/ruby-2.1.0/lib/ruby/gems/2.1.0/specifications/coffee-script-2.2.0.gemspec
I, [2014-02-23T11:28:18.143565 #96431]  INFO -- : 0:  daemons (1.1.8) from /Users/chrisaga/.rvm/rubies/ruby-2.1.0/lib/ruby/gems/2.1.0/specifications/daemons-1.1.8.gemspec
I, [2014-02-23T11:28:18.143799 #96431]  INFO -- : 0:  dm-core (1.2.1) from /Users/chrisaga/.rvm/rubies/ruby-2.1.0/lib/ruby/gems/2.1.0/specifications/dm-core-1.2.1.gemspec
I, [2014-02-23T11:28:18.144029 #96431]  INFO -- : 0:  dm-aggregates (1.2.0) from /Users/chrisaga/.rvm/rubies/ruby-2.1.0/lib/ruby/gems/2.1.0/specifications/dm-aggregates-1.2.0.gemspec
I, [2014-02-23T11:28:18.144260 #96431]  INFO -- : 0:  dm-constraints (1.2.0) from /Users/chrisaga/.rvm/rubies/ruby-2.1.0/lib/ruby/gems/2.1.0/specifications/dm-constraints-1.2.0.gemspec
I, [2014-02-23T11:28:18.144491 #96431]  INFO -- : 0:  dm-migrations (1.2.0) from /Users/chrisaga/.rvm/rubies/ruby-2.1.0/lib/ruby/gems/2.1.0/specifications/dm-migrations-1.2.0.gemspec
I, [2014-02-23T11:28:18.144719 #96431]  INFO -- : 0:  fastercsv (1.5.5) from /Users/chrisaga/.rvm/rubies/ruby-2.1.0/lib/ruby/gems/2.1.0/specifications/fastercsv-1.5.5.gemspec
I, [2014-02-23T11:28:18.144932 #96431]  INFO -- : 0:  json (1.8.1) from /Users/chrisaga/.rvm/rubies/ruby-2.1.0/lib/ruby/gems/2.1.0/specifications/default/json-1.8.1.gemspec
I, [2014-02-23T11:28:18.145164 #96431]  INFO -- : 0:  json_pure (1.8.1) from /Users/chrisaga/.rvm/rubies/ruby-2.1.0/lib/ruby/gems/2.1.0/specifications/json_pure-1.8.1.gemspec
I, [2014-02-23T11:28:18.145398 #96431]  INFO -- : 0:  dm-serializer (1.2.2) from /Users/chrisaga/.rvm/rubies/ruby-2.1.0/lib/ruby/gems/2.1.0/specifications/dm-serializer-1.2.2.gemspec
I, [2014-02-23T11:28:18.145680 #96431]  INFO -- : 0:  dm-timestamps (1.2.0) from /Users/chrisaga/.rvm/rubies/ruby-2.1.0/lib/ruby/gems/2.1.0/specifications/dm-timestamps-1.2.0.gemspec
I, [2014-02-23T11:28:18.145903 #96431]  INFO -- : 0:  dm-transactions (1.2.0) from /Users/chrisaga/.rvm/rubies/ruby-2.1.0/lib/ruby/gems/2.1.0/specifications/dm-transactions-1.2.0.gemspec
I, [2014-02-23T11:28:18.146205 #96431]  INFO -- : 0:  stringex (1.5.1) from /Users/chrisaga/.rvm/rubies/ruby-2.1.0/lib/ruby/gems/2.1.0/specifications/stringex-1.5.1.gemspec
I, [2014-02-23T11:28:18.146458 #96431]  INFO -- : 0:  uuidtools (2.1.4) from /Users/chrisaga/.rvm/rubies/ruby-2.1.0/lib/ruby/gems/2.1.0/specifications/uuidtools-2.1.4.gemspec
I, [2014-02-23T11:28:18.146700 #96431]  INFO -- : 0:  dm-types (1.2.2) from /Users/chrisaga/.rvm/rubies/ruby-2.1.0/lib/ruby/gems/2.1.0/specifications/dm-types-1.2.2.gemspec
I, [2014-02-23T11:28:18.146937 #96431]  INFO -- : 0:  dm-validations (1.2.0) from /Users/chrisaga/.rvm/rubies/ruby-2.1.0/lib/ruby/gems/2.1.0/specifications/dm-validations-1.2.0.gemspec
I, [2014-02-23T11:28:18.147172 #96431]  INFO -- : 0:  data_mapper (1.2.0) from /Users/chrisaga/.rvm/rubies/ruby-2.1.0/lib/ruby/gems/2.1.0/specifications/data_mapper-1.2.0.gemspec
I, [2014-02-23T11:28:18.147412 #96431]  INFO -- : 0:  data_objects (0.10.14) from /Users/chrisaga/.rvm/rubies/ruby-2.1.0/lib/ruby/gems/2.1.0/specifications/data_objects-0.10.14.gemspec
I, [2014-02-23T11:28:18.147688 #96431]  INFO -- : 0:  dm-do-adapter (1.2.0) from /Users/chrisaga/.rvm/rubies/ruby-2.1.0/lib/ruby/gems/2.1.0/specifications/dm-do-adapter-1.2.0.gemspec
I, [2014-02-23T11:28:19.104393 #96431]  INFO -- : 0:  do_postgres (0.10.14) from /Users/chrisaga/.rvm/rubies/ruby-2.1.0/lib/ruby/gems/2.1.0/specifications/do_postgres-0.10.14.gemspec
I, [2014-02-23T11:28:19.879355 #96431]  INFO -- : 0:  dm-postgres-adapter (1.2.0) from /Users/chrisaga/.rvm/rubies/ruby-2.1.0/lib/ruby/gems/2.1.0/specifications/dm-postgres-adapter-1.2.0.gemspec
I, [2014-02-23T11:28:19.879732 #96431]  INFO -- : 0:  eventmachine (0.12.10) from /Users/chrisaga/.rvm/rubies/ruby-2.1.0/lib/ruby/gems/2.1.0/specifications/eventmachine-0.12.10.gemspec
I, [2014-02-23T11:28:19.880032 #96431]  INFO -- : 0:  haml (3.1.7) from /Users/chrisaga/.rvm/rubies/ruby-2.1.0/lib/ruby/gems/2.1.0/specifications/haml-3.1.7.gemspec
I, [2014-02-23T11:28:19.880315 #96431]  INFO -- : 0:  hike (1.2.1) from /Users/chrisaga/.rvm/rubies/ruby-2.1.0/lib/ruby/gems/2.1.0/specifications/hike-1.2.1.gemspec
I, [2014-02-23T11:28:19.880659 #96431]  INFO -- : 0:  rack (1.4.1) from /Users/chrisaga/.rvm/rubies/ruby-2.1.0/lib/ruby/gems/2.1.0/specifications/rack-1.4.1.gemspec
I, [2014-02-23T11:28:19.881003 #96431]  INFO -- : 0:  rack-protection (1.2.0) from /Users/chrisaga/.rvm/rubies/ruby-2.1.0/lib/ruby/gems/2.1.0/specifications/rack-protection-1.2.0.gemspec
I, [2014-02-23T11:28:19.881405 #96431]  INFO -- : 0:  rack-test (0.6.1) from /Users/chrisaga/.rvm/rubies/ruby-2.1.0/lib/ruby/gems/2.1.0/specifications/rack-test-0.6.1.gemspec
I, [2014-02-23T11:28:19.881727 #96431]  INFO -- : 0:  racksh (0.9.11) from /Users/chrisaga/.rvm/rubies/ruby-2.1.0/lib/ruby/gems/2.1.0/specifications/racksh-0.9.11.gemspec
I, [2014-02-23T11:28:19.882125 #96431]  INFO -- : 0:  sass (3.1.20) from /Users/chrisaga/.rvm/rubies/ruby-2.1.0/lib/ruby/gems/2.1.0/specifications/sass-3.1.20.gemspec
I, [2014-02-23T11:28:19.882586 #96431]  INFO -- : 0:  tilt (1.3.3) from /Users/chrisaga/.rvm/rubies/ruby-2.1.0/lib/ruby/gems/2.1.0/specifications/tilt-1.3.3.gemspec
I, [2014-02-23T11:28:19.882943 #96431]  INFO -- : 0:  sinatra (1.3.2) from /Users/chrisaga/.rvm/rubies/ruby-2.1.0/lib/ruby/gems/2.1.0/specifications/sinatra-1.3.2.gemspec
I, [2014-02-23T11:28:19.883247 #96431]  INFO -- : 0:  sinatra-contrib (1.3.1) from /Users/chrisaga/.rvm/rubies/ruby-2.1.0/lib/ruby/gems/2.1.0/specifications/sinatra-contrib-1.3.1.gemspec
I, [2014-02-23T11:28:19.883573 #96431]  INFO -- : 0:  sprockets (2.3.2) from /Users/chrisaga/.rvm/rubies/ruby-2.1.0/lib/ruby/gems/2.1.0/specifications/sprockets-2.3.2.gemspec
I, [2014-02-23T11:28:19.883980 #96431]  INFO -- : 0:  thin (1.4.1) from /Users/chrisaga/.rvm/rubies/ruby-2.1.0/lib/ruby/gems/2.1.0/specifications/thin-1.4.1.gemspec
I, [2014-02-23T11:28:19.884261 #96431]  INFO -- : 0:  bundler (1.5.1) from /Users/chrisaga/.rvm/rubies/ruby-2.1.0/lib/ruby/gems/2.1.0/specifications/bundler-1.5.1.gemspec
I, [2014-02-23T11:30:09.733182 #96678]  INFO -- : 0:  rake (0.9.2.2) from /Users/chrisaga/.rvm/rubies/ruby-2.1.0/lib/ruby/gems/2.1.0/specifications/rake-0.9.2.2.gemspec
I, [2014-02-23T11:30:09.733514 #96678]  INFO -- : 0:  addressable (2.3.5) from /Users/chrisaga/.rvm/rubies/ruby-2.1.0/lib/ruby/gems/2.1.0/specifications/addressable-2.3.5.gemspec
I, [2014-02-23T11:30:09.733784 #96678]  INFO -- : 0:  backports (2.6.2) from /Users/chrisaga/.rvm/rubies/ruby-2.1.0/lib/ruby/gems/2.1.0/specifications/backports-2.6.2.gemspec
I, [2014-02-23T11:30:09.734057 #96678]  INFO -- : 0:  bcrypt (3.1.6) from /Users/chrisaga/.rvm/rubies/ruby-2.1.0/lib/ruby/gems/2.1.0/specifications/bcrypt-3.1.6.gemspec
I, [2014-02-23T11:30:09.734329 #96678]  INFO -- : 0:  bcrypt-ruby (3.1.5) from /Users/chrisaga/.rvm/rubies/ruby-2.1.0/lib/ruby/gems/2.1.0/specifications/bcrypt-ruby-3.1.5.gemspec
I, [2014-02-23T11:30:09.734599 #96678]  INFO -- : 0:  coffee-script-source (1.3.3) from /Users/chrisaga/.rvm/rubies/ruby-2.1.0/lib/ruby/gems/2.1.0/specifications/coffee-script-source-1.3.3.gemspec
I, [2014-02-23T11:30:09.734872 #96678]  INFO -- : 0:  multi_json (1.0.4) from /Users/chrisaga/.rvm/rubies/ruby-2.1.0/lib/ruby/gems/2.1.0/specifications/multi_json-1.0.4.gemspec
I, [2014-02-23T11:30:09.735125 #96678]  INFO -- : 0:  execjs (1.4.0) from /Users/chrisaga/.rvm/rubies/ruby-2.1.0/lib/ruby/gems/2.1.0/specifications/execjs-1.4.0.gemspec
I, [2014-02-23T11:30:09.735389 #96678]  INFO -- : 0:  coffee-script (2.2.0) from /Users/chrisaga/.rvm/rubies/ruby-2.1.0/lib/ruby/gems/2.1.0/specifications/coffee-script-2.2.0.gemspec
I, [2014-02-23T11:30:09.735644 #96678]  INFO -- : 0:  daemons (1.1.8) from /Users/chrisaga/.rvm/rubies/ruby-2.1.0/lib/ruby/gems/2.1.0/specifications/daemons-1.1.8.gemspec
I, [2014-02-23T11:30:09.735904 #96678]  INFO -- : 0:  dm-core (1.2.1) from /Users/chrisaga/.rvm/rubies/ruby-2.1.0/lib/ruby/gems/2.1.0/specifications/dm-core-1.2.1.gemspec
I, [2014-02-23T11:30:09.736153 #96678]  INFO -- : 0:  dm-aggregates (1.2.0) from /Users/chrisaga/.rvm/rubies/ruby-2.1.0/lib/ruby/gems/2.1.0/specifications/dm-aggregates-1.2.0.gemspec
I, [2014-02-23T11:30:09.736407 #96678]  INFO -- : 0:  dm-constraints (1.2.0) from /Users/chrisaga/.rvm/rubies/ruby-2.1.0/lib/ruby/gems/2.1.0/specifications/dm-constraints-1.2.0.gemspec
I, [2014-02-23T11:30:09.736679 #96678]  INFO -- : 0:  dm-migrations (1.2.0) from /Users/chrisaga/.rvm/rubies/ruby-2.1.0/lib/ruby/gems/2.1.0/specifications/dm-migrations-1.2.0.gemspec
I, [2014-02-23T11:30:09.736952 #96678]  INFO -- : 0:  fastercsv (1.5.5) from /Users/chrisaga/.rvm/rubies/ruby-2.1.0/lib/ruby/gems/2.1.0/specifications/fastercsv-1.5.5.gemspec
I, [2014-02-23T11:30:09.737202 #96678]  INFO -- : 0:  json (1.8.1) from /Users/chrisaga/.rvm/rubies/ruby-2.1.0/lib/ruby/gems/2.1.0/specifications/default/json-1.8.1.gemspec
I, [2014-02-23T11:30:09.737447 #96678]  INFO -- : 0:  json_pure (1.8.1) from /Users/chrisaga/.rvm/rubies/ruby-2.1.0/lib/ruby/gems/2.1.0/specifications/json_pure-1.8.1.gemspec
I, [2014-02-23T11:30:09.737699 #96678]  INFO -- : 0:  dm-serializer (1.2.2) from /Users/chrisaga/.rvm/rubies/ruby-2.1.0/lib/ruby/gems/2.1.0/specifications/dm-serializer-1.2.2.gemspec
I, [2014-02-23T11:30:09.737948 #96678]  INFO -- : 0:  dm-timestamps (1.2.0) from /Users/chrisaga/.rvm/rubies/ruby-2.1.0/lib/ruby/gems/2.1.0/specifications/dm-timestamps-1.2.0.gemspec
I, [2014-02-23T11:30:09.738205 #96678]  INFO -- : 0:  dm-transactions (1.2.0) from /Users/chrisaga/.rvm/rubies/ruby-2.1.0/lib/ruby/gems/2.1.0/specifications/dm-transactions-1.2.0.gemspec
I, [2014-02-23T11:30:09.738462 #96678]  INFO -- : 0:  stringex (1.5.1) from /Users/chrisaga/.rvm/rubies/ruby-2.1.0/lib/ruby/gems/2.1.0/specifications/stringex-1.5.1.gemspec
I, [2014-02-23T11:30:09.738699 #96678]  INFO -- : 0:  uuidtools (2.1.4) from /Users/chrisaga/.rvm/rubies/ruby-2.1.0/lib/ruby/gems/2.1.0/specifications/uuidtools-2.1.4.gemspec
I, [2014-02-23T11:30:09.738925 #96678]  INFO -- : 0:  dm-types (1.2.2) from /Users/chrisaga/.rvm/rubies/ruby-2.1.0/lib/ruby/gems/2.1.0/specifications/dm-types-1.2.2.gemspec
I, [2014-02-23T11:30:09.739136 #96678]  INFO -- : 0:  dm-validations (1.2.0) from /Users/chrisaga/.rvm/rubies/ruby-2.1.0/lib/ruby/gems/2.1.0/specifications/dm-validations-1.2.0.gemspec
I, [2014-02-23T11:30:09.739348 #96678]  INFO -- : 0:  data_mapper (1.2.0) from /Users/chrisaga/.rvm/rubies/ruby-2.1.0/lib/ruby/gems/2.1.0/specifications/data_mapper-1.2.0.gemspec
I, [2014-02-23T11:30:09.739548 #96678]  INFO -- : 0:  data_objects (0.10.14) from /Users/chrisaga/.rvm/rubies/ruby-2.1.0/lib/ruby/gems/2.1.0/specifications/data_objects-0.10.14.gemspec
I, [2014-02-23T11:30:09.739745 #96678]  INFO -- : 0:  dm-do-adapter (1.2.0) from /Users/chrisaga/.rvm/rubies/ruby-2.1.0/lib/ruby/gems/2.1.0/specifications/dm-do-adapter-1.2.0.gemspec
I, [2014-02-23T11:30:09.739940 #96678]  INFO -- : 0:  do_postgres (0.10.14) from /Users/chrisaga/.rvm/rubies/ruby-2.1.0/lib/ruby/gems/2.1.0/specifications/do_postgres-0.10.14.gemspec
I, [2014-02-23T11:30:09.740139 #96678]  INFO -- : 0:  dm-postgres-adapter (1.2.0) from /Users/chrisaga/.rvm/rubies/ruby-2.1.0/lib/ruby/gems/2.1.0/specifications/dm-postgres-adapter-1.2.0.gemspec
I, [2014-02-23T11:30:09.740351 #96678]  INFO -- : 0:  eventmachine (0.12.10) from /Users/chrisaga/.rvm/rubies/ruby-2.1.0/lib/ruby/gems/2.1.0/specifications/eventmachine-0.12.10.gemspec
I, [2014-02-23T11:30:09.740548 #96678]  INFO -- : 0:  haml (3.1.7) from /Users/chrisaga/.rvm/rubies/ruby-2.1.0/lib/ruby/gems/2.1.0/specifications/haml-3.1.7.gemspec
I, [2014-02-23T11:30:09.740819 #96678]  INFO -- : 0:  hike (1.2.1) from /Users/chrisaga/.rvm/rubies/ruby-2.1.0/lib/ruby/gems/2.1.0/specifications/hike-1.2.1.gemspec
I, [2014-02-23T11:30:09.741049 #96678]  INFO -- : 0:  nokogiri (1.5.5) from /Users/chrisaga/.rvm/rubies/ruby-2.1.0/lib/ruby/gems/2.1.0/specifications/nokogiri-1.5.5.gemspec
I, [2014-02-23T11:30:09.741277 #96678]  INFO -- : 0:  rack (1.4.1) from /Users/chrisaga/.rvm/rubies/ruby-2.1.0/lib/ruby/gems/2.1.0/specifications/rack-1.4.1.gemspec
I, [2014-02-23T11:30:09.741513 #96678]  INFO -- : 0:  rack-protection (1.2.0) from /Users/chrisaga/.rvm/rubies/ruby-2.1.0/lib/ruby/gems/2.1.0/specifications/rack-protection-1.2.0.gemspec
I, [2014-02-23T11:30:09.741743 #96678]  INFO -- : 0:  rack-test (0.6.1) from /Users/chrisaga/.rvm/rubies/ruby-2.1.0/lib/ruby/gems/2.1.0/specifications/rack-test-0.6.1.gemspec
I, [2014-02-23T11:30:09.741973 #96678]  INFO -- : 0:  racksh (0.9.11) from /Users/chrisaga/.rvm/rubies/ruby-2.1.0/lib/ruby/gems/2.1.0/specifications/racksh-0.9.11.gemspec
I, [2014-02-23T11:30:09.742206 #96678]  INFO -- : 0:  sass (3.1.20) from /Users/chrisaga/.rvm/rubies/ruby-2.1.0/lib/ruby/gems/2.1.0/specifications/sass-3.1.20.gemspec
I, [2014-02-23T11:30:09.742438 #96678]  INFO -- : 0:  tilt (1.3.3) from /Users/chrisaga/.rvm/rubies/ruby-2.1.0/lib/ruby/gems/2.1.0/specifications/tilt-1.3.3.gemspec
I, [2014-02-23T11:30:09.742672 #96678]  INFO -- : 0:  sinatra (1.3.2) from /Users/chrisaga/.rvm/rubies/ruby-2.1.0/lib/ruby/gems/2.1.0/specifications/sinatra-1.3.2.gemspec
I, [2014-02-23T11:30:09.742904 #96678]  INFO -- : 0:  sinatra-contrib (1.3.1) from /Users/chrisaga/.rvm/rubies/ruby-2.1.0/lib/ruby/gems/2.1.0/specifications/sinatra-contrib-1.3.1.gemspec
I, [2014-02-23T11:30:09.743137 #96678]  INFO -- : 0:  sprockets (2.3.2) from /Users/chrisaga/.rvm/rubies/ruby-2.1.0/lib/ruby/gems/2.1.0/specifications/sprockets-2.3.2.gemspec
I, [2014-02-23T11:30:09.743361 #96678]  INFO -- : 0:  thin (1.4.1) from /Users/chrisaga/.rvm/rubies/ruby-2.1.0/lib/ruby/gems/2.1.0/specifications/thin-1.4.1.gemspec
I, [2014-02-23T11:30:09.743569 #96678]  INFO -- : 0:  bundler (1.5.1) from /Users/chrisaga/.rvm/rubies/ruby-2.1.0/lib/ruby/gems/2.1.0/specifications/bundler-1.5.1.gemspec
I, [2014-02-23T11:30:14.460205 #96682]  INFO -- : 0:  rake (0.9.2.2) from /Users/chrisaga/.rvm/rubies/ruby-2.1.0/lib/ruby/gems/2.1.0/specifications/rake-0.9.2.2.gemspec
I, [2014-02-23T11:30:14.460552 #96682]  INFO -- : 0:  addressable (2.3.5) from /Users/chrisaga/.rvm/rubies/ruby-2.1.0/lib/ruby/gems/2.1.0/specifications/addressable-2.3.5.gemspec
I, [2014-02-23T11:30:14.460818 #96682]  INFO -- : 0:  backports (2.6.2) from /Users/chrisaga/.rvm/rubies/ruby-2.1.0/lib/ruby/gems/2.1.0/specifications/backports-2.6.2.gemspec
I, [2014-02-23T11:30:14.461081 #96682]  INFO -- : 0:  bcrypt (3.1.6) from /Users/chrisaga/.rvm/rubies/ruby-2.1.0/lib/ruby/gems/2.1.0/specifications/bcrypt-3.1.6.gemspec
I, [2014-02-23T11:30:14.461336 #96682]  INFO -- : 0:  bcrypt-ruby (3.1.5) from /Users/chrisaga/.rvm/rubies/ruby-2.1.0/lib/ruby/gems/2.1.0/specifications/bcrypt-ruby-3.1.5.gemspec
I, [2014-02-23T11:30:14.461586 #96682]  INFO -- : 0:  coffee-script-source (1.3.3) from /Users/chrisaga/.rvm/rubies/ruby-2.1.0/lib/ruby/gems/2.1.0/specifications/coffee-script-source-1.3.3.gemspec
I, [2014-02-23T11:30:14.461840 #96682]  INFO -- : 0:  multi_json (1.0.4) from /Users/chrisaga/.rvm/rubies/ruby-2.1.0/lib/ruby/gems/2.1.0/specifications/multi_json-1.0.4.gemspec
I, [2014-02-23T11:30:14.462105 #96682]  INFO -- : 0:  execjs (1.4.0) from /Users/chrisaga/.rvm/rubies/ruby-2.1.0/lib/ruby/gems/2.1.0/specifications/execjs-1.4.0.gemspec
I, [2014-02-23T11:30:14.462343 #96682]  INFO -- : 0:  coffee-script (2.2.0) from /Users/chrisaga/.rvm/rubies/ruby-2.1.0/lib/ruby/gems/2.1.0/specifications/coffee-script-2.2.0.gemspec
I, [2014-02-23T11:30:14.462588 #96682]  INFO -- : 0:  daemons (1.1.8) from /Users/chrisaga/.rvm/rubies/ruby-2.1.0/lib/ruby/gems/2.1.0/specifications/daemons-1.1.8.gemspec
I, [2014-02-23T11:30:14.462841 #96682]  INFO -- : 0:  dm-core (1.2.1) from /Users/chrisaga/.rvm/rubies/ruby-2.1.0/lib/ruby/gems/2.1.0/specifications/dm-core-1.2.1.gemspec
I, [2014-02-23T11:30:14.463098 #96682]  INFO -- : 0:  dm-aggregates (1.2.0) from /Users/chrisaga/.rvm/rubies/ruby-2.1.0/lib/ruby/gems/2.1.0/specifications/dm-aggregates-1.2.0.gemspec
I, [2014-02-23T11:30:14.463333 #96682]  INFO -- : 0:  dm-constraints (1.2.0) from /Users/chrisaga/.rvm/rubies/ruby-2.1.0/lib/ruby/gems/2.1.0/specifications/dm-constraints-1.2.0.gemspec
I, [2014-02-23T11:30:14.463566 #96682]  INFO -- : 0:  dm-migrations (1.2.0) from /Users/chrisaga/.rvm/rubies/ruby-2.1.0/lib/ruby/gems/2.1.0/specifications/dm-migrations-1.2.0.gemspec
I, [2014-02-23T11:30:14.463828 #96682]  INFO -- : 0:  fastercsv (1.5.5) from /Users/chrisaga/.rvm/rubies/ruby-2.1.0/lib/ruby/gems/2.1.0/specifications/fastercsv-1.5.5.gemspec
I, [2014-02-23T11:30:14.464061 #96682]  INFO -- : 0:  json (1.8.1) from /Users/chrisaga/.rvm/rubies/ruby-2.1.0/lib/ruby/gems/2.1.0/specifications/default/json-1.8.1.gemspec
I, [2014-02-23T11:30:14.464299 #96682]  INFO -- : 0:  json_pure (1.8.1) from /Users/chrisaga/.rvm/rubies/ruby-2.1.0/lib/ruby/gems/2.1.0/specifications/json_pure-1.8.1.gemspec
I, [2014-02-23T11:30:14.464546 #96682]  INFO -- : 0:  dm-serializer (1.2.2) from /Users/chrisaga/.rvm/rubies/ruby-2.1.0/lib/ruby/gems/2.1.0/specifications/dm-serializer-1.2.2.gemspec
I, [2014-02-23T11:30:14.464808 #96682]  INFO -- : 0:  dm-timestamps (1.2.0) from /Users/chrisaga/.rvm/rubies/ruby-2.1.0/lib/ruby/gems/2.1.0/specifications/dm-timestamps-1.2.0.gemspec
I, [2014-02-23T11:30:14.465042 #96682]  INFO -- : 0:  dm-transactions (1.2.0) from /Users/chrisaga/.rvm/rubies/ruby-2.1.0/lib/ruby/gems/2.1.0/specifications/dm-transactions-1.2.0.gemspec
I, [2014-02-23T11:30:14.465300 #96682]  INFO -- : 0:  stringex (1.5.1) from /Users/chrisaga/.rvm/rubies/ruby-2.1.0/lib/ruby/gems/2.1.0/specifications/stringex-1.5.1.gemspec
I, [2014-02-23T11:30:14.465554 #96682]  INFO -- : 0:  uuidtools (2.1.4) from /Users/chrisaga/.rvm/rubies/ruby-2.1.0/lib/ruby/gems/2.1.0/specifications/uuidtools-2.1.4.gemspec
I, [2014-02-23T11:30:14.465799 #96682]  INFO -- : 0:  dm-types (1.2.2) from /Users/chrisaga/.rvm/rubies/ruby-2.1.0/lib/ruby/gems/2.1.0/specifications/dm-types-1.2.2.gemspec
I, [2014-02-23T11:30:14.466066 #96682]  INFO -- : 0:  dm-validations (1.2.0) from /Users/chrisaga/.rvm/rubies/ruby-2.1.0/lib/ruby/gems/2.1.0/specifications/dm-validations-1.2.0.gemspec
I, [2014-02-23T11:30:14.466321 #96682]  INFO -- : 0:  data_mapper (1.2.0) from /Users/chrisaga/.rvm/rubies/ruby-2.1.0/lib/ruby/gems/2.1.0/specifications/data_mapper-1.2.0.gemspec
I, [2014-02-23T11:30:14.466589 #96682]  INFO -- : 0:  data_objects (0.10.14) from /Users/chrisaga/.rvm/rubies/ruby-2.1.0/lib/ruby/gems/2.1.0/specifications/data_objects-0.10.14.gemspec
I, [2014-02-23T11:30:14.466836 #96682]  INFO -- : 0:  dm-do-adapter (1.2.0) from /Users/chrisaga/.rvm/rubies/ruby-2.1.0/lib/ruby/gems/2.1.0/specifications/dm-do-adapter-1.2.0.gemspec
I, [2014-02-23T11:30:14.467088 #96682]  INFO -- : 0:  do_postgres (0.10.14) from /Users/chrisaga/.rvm/rubies/ruby-2.1.0/lib/ruby/gems/2.1.0/specifications/do_postgres-0.10.14.gemspec
I, [2014-02-23T11:30:14.467331 #96682]  INFO -- : 0:  dm-postgres-adapter (1.2.0) from /Users/chrisaga/.rvm/rubies/ruby-2.1.0/lib/ruby/gems/2.1.0/specifications/dm-postgres-adapter-1.2.0.gemspec
I, [2014-02-23T11:30:14.467607 #96682]  INFO -- : 0:  eventmachine (0.12.10) from /Users/chrisaga/.rvm/rubies/ruby-2.1.0/lib/ruby/gems/2.1.0/specifications/eventmachine-0.12.10.gemspec
I, [2014-02-23T11:30:14.467844 #96682]  INFO -- : 0:  haml (3.1.7) from /Users/chrisaga/.rvm/rubies/ruby-2.1.0/lib/ruby/gems/2.1.0/specifications/haml-3.1.7.gemspec
I, [2014-02-23T11:30:14.468092 #96682]  INFO -- : 0:  hike (1.2.1) from /Users/chrisaga/.rvm/rubies/ruby-2.1.0/lib/ruby/gems/2.1.0/specifications/hike-1.2.1.gemspec
I, [2014-02-23T11:30:14.468334 #96682]  INFO -- : 0:  nokogiri (1.5.5) from /Users/chrisaga/.rvm/rubies/ruby-2.1.0/lib/ruby/gems/2.1.0/specifications/nokogiri-1.5.5.gemspec
I, [2014-02-23T11:30:14.468592 #96682]  INFO -- : 0:  rack (1.4.1) from /Users/chrisaga/.rvm/rubies/ruby-2.1.0/lib/ruby/gems/2.1.0/specifications/rack-1.4.1.gemspec
I, [2014-02-23T11:30:14.468850 #96682]  INFO -- : 0:  rack-protection (1.2.0) from /Users/chrisaga/.rvm/rubies/ruby-2.1.0/lib/ruby/gems/2.1.0/specifications/rack-protection-1.2.0.gemspec
I, [2014-02-23T11:30:14.469085 #96682]  INFO -- : 0:  rack-test (0.6.1) from /Users/chrisaga/.rvm/rubies/ruby-2.1.0/lib/ruby/gems/2.1.0/specifications/rack-test-0.6.1.gemspec
I, [2014-02-23T11:30:14.469322 #96682]  INFO -- : 0:  racksh (0.9.11) from /Users/chrisaga/.rvm/rubies/ruby-2.1.0/lib/ruby/gems/2.1.0/specifications/racksh-0.9.11.gemspec
I, [2014-02-23T11:30:14.469572 #96682]  INFO -- : 0:  sass (3.1.20) from /Users/chrisaga/.rvm/rubies/ruby-2.1.0/lib/ruby/gems/2.1.0/specifications/sass-3.1.20.gemspec
I, [2014-02-23T11:30:14.469832 #96682]  INFO -- : 0:  tilt (1.3.3) from /Users/chrisaga/.rvm/rubies/ruby-2.1.0/lib/ruby/gems/2.1.0/specifications/tilt-1.3.3.gemspec
I, [2014-02-23T11:30:14.470077 #96682]  INFO -- : 0:  sinatra (1.3.2) from /Users/chrisaga/.rvm/rubies/ruby-2.1.0/lib/ruby/gems/2.1.0/specifications/sinatra-1.3.2.gemspec
I, [2014-02-23T11:30:14.470329 #96682]  INFO -- : 0:  sinatra-contrib (1.3.1) from /Users/chrisaga/.rvm/rubies/ruby-2.1.0/lib/ruby/gems/2.1.0/specifications/sinatra-contrib-1.3.1.gemspec
I, [2014-02-23T11:30:14.470577 #96682]  INFO -- : 0:  sprockets (2.3.2) from /Users/chrisaga/.rvm/rubies/ruby-2.1.0/lib/ruby/gems/2.1.0/specifications/sprockets-2.3.2.gemspec
I, [2014-02-23T11:30:14.470817 #96682]  INFO -- : 0:  thin (1.4.1) from /Users/chrisaga/.rvm/rubies/ruby-2.1.0/lib/ruby/gems/2.1.0/specifications/thin-1.4.1.gemspec
I, [2014-02-23T11:30:14.471049 #96682]  INFO -- : 0:  bundler (1.5.1) from /Users/chrisaga/.rvm/rubies/ruby-2.1.0/lib/ruby/gems/2.1.0/specifications/bundler-1.5.1.gemspec
I, [2014-02-23T11:42:51.927214 #96943]  INFO -- : 0:  rake (0.9.2.2) from /Users/chrisaga/.rvm/rubies/ruby-2.1.0/lib/ruby/gems/2.1.0/specifications/rake-0.9.2.2.gemspec
I, [2014-02-23T11:42:51.927537 #96943]  INFO -- : 0:  addressable (2.3.5) from /Users/chrisaga/.rvm/rubies/ruby-2.1.0/lib/ruby/gems/2.1.0/specifications/addressable-2.3.5.gemspec
I, [2014-02-23T11:42:51.927801 #96943]  INFO -- : 0:  backports (2.6.2) from /Users/chrisaga/.rvm/rubies/ruby-2.1.0/lib/ruby/gems/2.1.0/specifications/backports-2.6.2.gemspec
I, [2014-02-23T11:42:51.928074 #96943]  INFO -- : 0:  bcrypt (3.1.6) from /Users/chrisaga/.rvm/rubies/ruby-2.1.0/lib/ruby/gems/2.1.0/specifications/bcrypt-3.1.6.gemspec
I, [2014-02-23T11:42:51.928334 #96943]  INFO -- : 0:  bcrypt-ruby (3.1.5) from /Users/chrisaga/.rvm/rubies/ruby-2.1.0/lib/ruby/gems/2.1.0/specifications/bcrypt-ruby-3.1.5.gemspec
I, [2014-02-23T11:42:51.928594 #96943]  INFO -- : 0:  coffee-script-source (1.3.3) from /Users/chrisaga/.rvm/rubies/ruby-2.1.0/lib/ruby/gems/2.1.0/specifications/coffee-script-source-1.3.3.gemspec
I, [2014-02-23T11:42:51.928843 #96943]  INFO -- : 0:  multi_json (1.0.4) from /Users/chrisaga/.rvm/rubies/ruby-2.1.0/lib/ruby/gems/2.1.0/specifications/multi_json-1.0.4.gemspec
I, [2014-02-23T11:42:51.929127 #96943]  INFO -- : 0:  execjs (1.4.0) from /Users/chrisaga/.rvm/rubies/ruby-2.1.0/lib/ruby/gems/2.1.0/specifications/execjs-1.4.0.gemspec
I, [2014-02-23T11:42:51.929371 #96943]  INFO -- : 0:  coffee-script (2.2.0) from /Users/chrisaga/.rvm/rubies/ruby-2.1.0/lib/ruby/gems/2.1.0/specifications/coffee-script-2.2.0.gemspec
I, [2014-02-23T11:42:51.929614 #96943]  INFO -- : 0:  daemons (1.1.8) from /Users/chrisaga/.rvm/rubies/ruby-2.1.0/lib/ruby/gems/2.1.0/specifications/daemons-1.1.8.gemspec
I, [2014-02-23T11:42:51.929867 #96943]  INFO -- : 0:  dm-core (1.2.1) from /Users/chrisaga/.rvm/rubies/ruby-2.1.0/lib/ruby/gems/2.1.0/specifications/dm-core-1.2.1.gemspec
I, [2014-02-23T11:42:51.930122 #96943]  INFO -- : 0:  dm-aggregates (1.2.0) from /Users/chrisaga/.rvm/rubies/ruby-2.1.0/lib/ruby/gems/2.1.0/specifications/dm-aggregates-1.2.0.gemspec
I, [2014-02-23T11:42:51.930356 #96943]  INFO -- : 0:  dm-constraints (1.2.0) from /Users/chrisaga/.rvm/rubies/ruby-2.1.0/lib/ruby/gems/2.1.0/specifications/dm-constraints-1.2.0.gemspec
I, [2014-02-23T11:42:51.930606 #96943]  INFO -- : 0:  dm-migrations (1.2.0) from /Users/chrisaga/.rvm/rubies/ruby-2.1.0/lib/ruby/gems/2.1.0/specifications/dm-migrations-1.2.0.gemspec
I, [2014-02-23T11:42:51.930848 #96943]  INFO -- : 0:  fastercsv (1.5.5) from /Users/chrisaga/.rvm/rubies/ruby-2.1.0/lib/ruby/gems/2.1.0/specifications/fastercsv-1.5.5.gemspec
I, [2014-02-23T11:42:51.931080 #96943]  INFO -- : 0:  json (1.8.1) from /Users/chrisaga/.rvm/rubies/ruby-2.1.0/lib/ruby/gems/2.1.0/specifications/default/json-1.8.1.gemspec
I, [2014-02-23T11:42:51.931318 #96943]  INFO -- : 0:  json_pure (1.8.1) from /Users/chrisaga/.rvm/rubies/ruby-2.1.0/lib/ruby/gems/2.1.0/specifications/json_pure-1.8.1.gemspec
I, [2014-02-23T11:42:51.931567 #96943]  INFO -- : 0:  dm-serializer (1.2.2) from /Users/chrisaga/.rvm/rubies/ruby-2.1.0/lib/ruby/gems/2.1.0/specifications/dm-serializer-1.2.2.gemspec
I, [2014-02-23T11:42:51.931834 #96943]  INFO -- : 0:  dm-timestamps (1.2.0) from /Users/chrisaga/.rvm/rubies/ruby-2.1.0/lib/ruby/gems/2.1.0/specifications/dm-timestamps-1.2.0.gemspec
I, [2014-02-23T11:42:51.932072 #96943]  INFO -- : 0:  dm-transactions (1.2.0) from /Users/chrisaga/.rvm/rubies/ruby-2.1.0/lib/ruby/gems/2.1.0/specifications/dm-transactions-1.2.0.gemspec
I, [2014-02-23T11:42:51.932330 #96943]  INFO -- : 0:  stringex (1.5.1) from /Users/chrisaga/.rvm/rubies/ruby-2.1.0/lib/ruby/gems/2.1.0/specifications/stringex-1.5.1.gemspec
I, [2014-02-23T11:42:51.932584 #96943]  INFO -- : 0:  uuidtools (2.1.4) from /Users/chrisaga/.rvm/rubies/ruby-2.1.0/lib/ruby/gems/2.1.0/specifications/uuidtools-2.1.4.gemspec
I, [2014-02-23T11:42:51.932830 #96943]  INFO -- : 0:  dm-types (1.2.2) from /Users/chrisaga/.rvm/rubies/ruby-2.1.0/lib/ruby/gems/2.1.0/specifications/dm-types-1.2.2.gemspec
I, [2014-02-23T11:42:51.933096 #96943]  INFO -- : 0:  dm-validations (1.2.0) from /Users/chrisaga/.rvm/rubies/ruby-2.1.0/lib/ruby/gems/2.1.0/specifications/dm-validations-1.2.0.gemspec
I, [2014-02-23T11:42:51.933336 #96943]  INFO -- : 0:  data_mapper (1.2.0) from /Users/chrisaga/.rvm/rubies/ruby-2.1.0/lib/ruby/gems/2.1.0/specifications/data_mapper-1.2.0.gemspec
I, [2014-02-23T11:42:51.933603 #96943]  INFO -- : 0:  data_objects (0.10.14) from /Users/chrisaga/.rvm/rubies/ruby-2.1.0/lib/ruby/gems/2.1.0/specifications/data_objects-0.10.14.gemspec
I, [2014-02-23T11:42:51.933862 #96943]  INFO -- : 0:  dm-do-adapter (1.2.0) from /Users/chrisaga/.rvm/rubies/ruby-2.1.0/lib/ruby/gems/2.1.0/specifications/dm-do-adapter-1.2.0.gemspec
I, [2014-02-23T11:42:51.934114 #96943]  INFO -- : 0:  do_postgres (0.10.14) from /Users/chrisaga/.rvm/rubies/ruby-2.1.0/lib/ruby/gems/2.1.0/specifications/do_postgres-0.10.14.gemspec
I, [2014-02-23T11:42:51.934363 #96943]  INFO -- : 0:  dm-postgres-adapter (1.2.0) from /Users/chrisaga/.rvm/rubies/ruby-2.1.0/lib/ruby/gems/2.1.0/specifications/dm-postgres-adapter-1.2.0.gemspec
I, [2014-02-23T11:42:51.934623 #96943]  INFO -- : 0:  eventmachine (0.12.10) from /Users/chrisaga/.rvm/rubies/ruby-2.1.0/lib/ruby/gems/2.1.0/specifications/eventmachine-0.12.10.gemspec
I, [2014-02-23T11:42:51.934861 #96943]  INFO -- : 0:  haml (3.1.7) from /Users/chrisaga/.rvm/rubies/ruby-2.1.0/lib/ruby/gems/2.1.0/specifications/haml-3.1.7.gemspec
I, [2014-02-23T11:42:51.935108 #96943]  INFO -- : 0:  hike (1.2.1) from /Users/chrisaga/.rvm/rubies/ruby-2.1.0/lib/ruby/gems/2.1.0/specifications/hike-1.2.1.gemspec
I, [2014-02-23T11:42:51.935348 #96943]  INFO -- : 0:  nokogiri (1.5.5) from /Users/chrisaga/.rvm/rubies/ruby-2.1.0/lib/ruby/gems/2.1.0/specifications/nokogiri-1.5.5.gemspec
I, [2014-02-23T11:42:51.935605 #96943]  INFO -- : 0:  rack (1.4.1) from /Users/chrisaga/.rvm/rubies/ruby-2.1.0/lib/ruby/gems/2.1.0/specifications/rack-1.4.1.gemspec
I, [2014-02-23T11:42:51.935865 #96943]  INFO -- : 0:  rack-protection (1.2.0) from /Users/chrisaga/.rvm/rubies/ruby-2.1.0/lib/ruby/gems/2.1.0/specifications/rack-protection-1.2.0.gemspec
I, [2014-02-23T11:42:51.936095 #96943]  INFO -- : 0:  rack-test (0.6.1) from /Users/chrisaga/.rvm/rubies/ruby-2.1.0/lib/ruby/gems/2.1.0/specifications/rack-test-0.6.1.gemspec
I, [2014-02-23T11:42:51.936331 #96943]  INFO -- : 0:  racksh (0.9.11) from /Users/chrisaga/.rvm/rubies/ruby-2.1.0/lib/ruby/gems/2.1.0/specifications/racksh-0.9.11.gemspec
I, [2014-02-23T11:42:51.936582 #96943]  INFO -- : 0:  sass (3.1.20) from /Users/chrisaga/.rvm/rubies/ruby-2.1.0/lib/ruby/gems/2.1.0/specifications/sass-3.1.20.gemspec
I, [2014-02-23T11:42:51.936843 #96943]  INFO -- : 0:  tilt (1.3.3) from /Users/chrisaga/.rvm/rubies/ruby-2.1.0/lib/ruby/gems/2.1.0/specifications/tilt-1.3.3.gemspec
I, [2014-02-23T11:42:51.937091 #96943]  INFO -- : 0:  sinatra (1.3.2) from /Users/chrisaga/.rvm/rubies/ruby-2.1.0/lib/ruby/gems/2.1.0/specifications/sinatra-1.3.2.gemspec
I, [2014-02-23T11:42:51.937344 #96943]  INFO -- : 0:  sinatra-contrib (1.3.1) from /Users/chrisaga/.rvm/rubies/ruby-2.1.0/lib/ruby/gems/2.1.0/specifications/sinatra-contrib-1.3.1.gemspec
I, [2014-02-23T11:42:51.937595 #96943]  INFO -- : 0:  sprockets (2.3.2) from /Users/chrisaga/.rvm/rubies/ruby-2.1.0/lib/ruby/gems/2.1.0/specifications/sprockets-2.3.2.gemspec
I, [2014-02-23T11:42:51.937834 #96943]  INFO -- : 0:  thin (1.4.1) from /Users/chrisaga/.rvm/rubies/ruby-2.1.0/lib/ruby/gems/2.1.0/specifications/thin-1.4.1.gemspec
I, [2014-02-23T11:42:51.938065 #96943]  INFO -- : 0:  bundler (1.5.1) from /Users/chrisaga/.rvm/rubies/ruby-2.1.0/lib/ruby/gems/2.1.0/specifications/bundler-1.5.1.gemspec
I, [2014-02-23T12:50:34.336857 #99727]  INFO -- : 0:  rake (0.9.2.2) from /Users/chrisaga/.rvm/rubies/ruby-2.1.0/lib/ruby/gems/2.1.0/specifications/rake-0.9.2.2.gemspec
I, [2014-02-23T12:50:34.339995 #99727]  INFO -- : 0:  addressable (2.3.5) from /Users/chrisaga/.rvm/rubies/ruby-2.1.0/lib/ruby/gems/2.1.0/specifications/addressable-2.3.5.gemspec
I, [2014-02-23T12:50:34.340283 #99727]  INFO -- : 0:  backports (2.6.2) from /Users/chrisaga/.rvm/rubies/ruby-2.1.0/lib/ruby/gems/2.1.0/specifications/backports-2.6.2.gemspec
I, [2014-02-23T12:50:34.340558 #99727]  INFO -- : 0:  bcrypt (3.1.6) from /Users/chrisaga/.rvm/rubies/ruby-2.1.0/lib/ruby/gems/2.1.0/specifications/bcrypt-3.1.6.gemspec
I, [2014-02-23T12:50:34.340831 #99727]  INFO -- : 0:  bcrypt-ruby (3.1.5) from /Users/chrisaga/.rvm/rubies/ruby-2.1.0/lib/ruby/gems/2.1.0/specifications/bcrypt-ruby-3.1.5.gemspec
I, [2014-02-23T12:50:34.341117 #99727]  INFO -- : 0:  coffee-script-source (1.3.3) from /Users/chrisaga/.rvm/rubies/ruby-2.1.0/lib/ruby/gems/2.1.0/specifications/coffee-script-source-1.3.3.gemspec
I, [2014-02-23T12:50:34.341381 #99727]  INFO -- : 0:  multi_json (1.0.4) from /Users/chrisaga/.rvm/rubies/ruby-2.1.0/lib/ruby/gems/2.1.0/specifications/multi_json-1.0.4.gemspec
I, [2014-02-23T12:50:34.341660 #99727]  INFO -- : 0:  execjs (1.4.0) from /Users/chrisaga/.rvm/rubies/ruby-2.1.0/lib/ruby/gems/2.1.0/specifications/execjs-1.4.0.gemspec
I, [2014-02-23T12:50:34.341915 #99727]  INFO -- : 0:  coffee-script (2.2.0) from /Users/chrisaga/.rvm/rubies/ruby-2.1.0/lib/ruby/gems/2.1.0/specifications/coffee-script-2.2.0.gemspec
I, [2014-02-23T12:50:34.342169 #99727]  INFO -- : 0:  daemons (1.1.8) from /Users/chrisaga/.rvm/rubies/ruby-2.1.0/lib/ruby/gems/2.1.0/specifications/daemons-1.1.8.gemspec
I, [2014-02-23T12:50:34.342433 #99727]  INFO -- : 0:  dm-core (1.2.1) from /Users/chrisaga/.rvm/rubies/ruby-2.1.0/lib/ruby/gems/2.1.0/specifications/dm-core-1.2.1.gemspec
I, [2014-02-23T12:50:34.342702 #99727]  INFO -- : 0:  dm-aggregates (1.2.0) from /Users/chrisaga/.rvm/rubies/ruby-2.1.0/lib/ruby/gems/2.1.0/specifications/dm-aggregates-1.2.0.gemspec
I, [2014-02-23T12:50:34.342945 #99727]  INFO -- : 0:  dm-constraints (1.2.0) from /Users/chrisaga/.rvm/rubies/ruby-2.1.0/lib/ruby/gems/2.1.0/specifications/dm-constraints-1.2.0.gemspec
I, [2014-02-23T12:50:34.343207 #99727]  INFO -- : 0:  dm-migrations (1.2.0) from /Users/chrisaga/.rvm/rubies/ruby-2.1.0/lib/ruby/gems/2.1.0/specifications/dm-migrations-1.2.0.gemspec
I, [2014-02-23T12:50:34.343460 #99727]  INFO -- : 0:  fastercsv (1.5.5) from /Users/chrisaga/.rvm/rubies/ruby-2.1.0/lib/ruby/gems/2.1.0/specifications/fastercsv-1.5.5.gemspec
I, [2014-02-23T12:50:34.343702 #99727]  INFO -- : 0:  json (1.8.1) from /Users/chrisaga/.rvm/rubies/ruby-2.1.0/lib/ruby/gems/2.1.0/specifications/default/json-1.8.1.gemspec
I, [2014-02-23T12:50:34.343930 #99727]  INFO -- : 0:  json_pure (1.8.1) from /Users/chrisaga/.rvm/rubies/ruby-2.1.0/lib/ruby/gems/2.1.0/specifications/json_pure-1.8.1.gemspec
I, [2014-02-23T12:50:34.344172 #99727]  INFO -- : 0:  dm-serializer (1.2.2) from /Users/chrisaga/.rvm/rubies/ruby-2.1.0/lib/ruby/gems/2.1.0/specifications/dm-serializer-1.2.2.gemspec
I, [2014-02-23T12:50:34.344428 #99727]  INFO -- : 0:  dm-timestamps (1.2.0) from /Users/chrisaga/.rvm/rubies/ruby-2.1.0/lib/ruby/gems/2.1.0/specifications/dm-timestamps-1.2.0.gemspec
I, [2014-02-23T12:50:34.344680 #99727]  INFO -- : 0:  dm-transactions (1.2.0) from /Users/chrisaga/.rvm/rubies/ruby-2.1.0/lib/ruby/gems/2.1.0/specifications/dm-transactions-1.2.0.gemspec
I, [2014-02-23T12:50:34.344913 #99727]  INFO -- : 0:  stringex (1.5.1) from /Users/chrisaga/.rvm/rubies/ruby-2.1.0/lib/ruby/gems/2.1.0/specifications/stringex-1.5.1.gemspec
I, [2014-02-23T12:50:34.345162 #99727]  INFO -- : 0:  uuidtools (2.1.4) from /Users/chrisaga/.rvm/rubies/ruby-2.1.0/lib/ruby/gems/2.1.0/specifications/uuidtools-2.1.4.gemspec
I, [2014-02-23T12:50:34.345399 #99727]  INFO -- : 0:  dm-types (1.2.2) from /Users/chrisaga/.rvm/rubies/ruby-2.1.0/lib/ruby/gems/2.1.0/specifications/dm-types-1.2.2.gemspec
I, [2014-02-23T12:50:34.345662 #99727]  INFO -- : 0:  dm-validations (1.2.0) from /Users/chrisaga/.rvm/rubies/ruby-2.1.0/lib/ruby/gems/2.1.0/specifications/dm-validations-1.2.0.gemspec
I, [2014-02-23T12:50:34.345898 #99727]  INFO -- : 0:  data_mapper (1.2.0) from /Users/chrisaga/.rvm/rubies/ruby-2.1.0/lib/ruby/gems/2.1.0/specifications/data_mapper-1.2.0.gemspec
I, [2014-02-23T12:50:34.346176 #99727]  INFO -- : 0:  data_objects (0.10.14) from /Users/chrisaga/.rvm/rubies/ruby-2.1.0/lib/ruby/gems/2.1.0/specifications/data_objects-0.10.14.gemspec
I, [2014-02-23T12:50:34.346468 #99727]  INFO -- : 0:  dm-do-adapter (1.2.0) from /Users/chrisaga/.rvm/rubies/ruby-2.1.0/lib/ruby/gems/2.1.0/specifications/dm-do-adapter-1.2.0.gemspec
I, [2014-02-23T12:50:34.346824 #99727]  INFO -- : 0:  do_postgres (0.10.14) from /Users/chrisaga/.rvm/rubies/ruby-2.1.0/lib/ruby/gems/2.1.0/specifications/do_postgres-0.10.14.gemspec
I, [2014-02-23T12:50:34.347249 #99727]  INFO -- : 0:  dm-postgres-adapter (1.2.0) from /Users/chrisaga/.rvm/rubies/ruby-2.1.0/lib/ruby/gems/2.1.0/specifications/dm-postgres-adapter-1.2.0.gemspec
I, [2014-02-23T12:50:34.347540 #99727]  INFO -- : 0:  eventmachine (0.12.10) from /Users/chrisaga/.rvm/rubies/ruby-2.1.0/lib/ruby/gems/2.1.0/specifications/eventmachine-0.12.10.gemspec
I, [2014-02-23T12:50:34.347833 #99727]  INFO -- : 0:  haml (3.1.7) from /Users/chrisaga/.rvm/rubies/ruby-2.1.0/lib/ruby/gems/2.1.0/specifications/haml-3.1.7.gemspec
I, [2014-02-23T12:50:34.348136 #99727]  INFO -- : 0:  hike (1.2.1) from /Users/chrisaga/.rvm/rubies/ruby-2.1.0/lib/ruby/gems/2.1.0/specifications/hike-1.2.1.gemspec
I, [2014-02-23T12:50:34.348437 #99727]  INFO -- : 0:  nokogiri (1.5.5) from /Users/chrisaga/.rvm/rubies/ruby-2.1.0/lib/ruby/gems/2.1.0/specifications/nokogiri-1.5.5.gemspec
I, [2014-02-23T12:50:34.348740 #99727]  INFO -- : 0:  rack (1.4.1) from /Users/chrisaga/.rvm/rubies/ruby-2.1.0/lib/ruby/gems/2.1.0/specifications/rack-1.4.1.gemspec
I, [2014-02-23T12:50:34.349027 #99727]  INFO -- : 0:  rack-protection (1.2.0) from /Users/chrisaga/.rvm/rubies/ruby-2.1.0/lib/ruby/gems/2.1.0/specifications/rack-protection-1.2.0.gemspec
I, [2014-02-23T12:50:34.349273 #99727]  INFO -- : 0:  rack-test (0.6.1) from /Users/chrisaga/.rvm/rubies/ruby-2.1.0/lib/ruby/gems/2.1.0/specifications/rack-test-0.6.1.gemspec
I, [2014-02-23T12:50:34.349549 #99727]  INFO -- : 0:  racksh (0.9.11) from /Users/chrisaga/.rvm/rubies/ruby-2.1.0/lib/ruby/gems/2.1.0/specifications/racksh-0.9.11.gemspec
I, [2014-02-23T12:50:34.349838 #99727]  INFO -- : 0:  sass (3.1.20) from /Users/chrisaga/.rvm/rubies/ruby-2.1.0/lib/ruby/gems/2.1.0/specifications/sass-3.1.20.gemspec
I, [2014-02-23T12:50:34.350107 #99727]  INFO -- : 0:  tilt (1.3.3) from /Users/chrisaga/.rvm/rubies/ruby-2.1.0/lib/ruby/gems/2.1.0/specifications/tilt-1.3.3.gemspec
I, [2014-02-23T12:50:34.350346 #99727]  INFO -- : 0:  sinatra (1.3.2) from /Users/chrisaga/.rvm/rubies/ruby-2.1.0/lib/ruby/gems/2.1.0/specifications/sinatra-1.3.2.gemspec
I, [2014-02-23T12:50:34.350597 #99727]  INFO -- : 0:  sinatra-contrib (1.3.1) from /Users/chrisaga/.rvm/rubies/ruby-2.1.0/lib/ruby/gems/2.1.0/specifications/sinatra-contrib-1.3.1.gemspec
I, [2014-02-23T12:50:34.350838 #99727]  INFO -- : 0:  sprockets (2.3.2) from /Users/chrisaga/.rvm/rubies/ruby-2.1.0/lib/ruby/gems/2.1.0/specifications/sprockets-2.3.2.gemspec
I, [2014-02-23T12:50:34.351072 #99727]  INFO -- : 0:  thin (1.4.1) from /Users/chrisaga/.rvm/rubies/ruby-2.1.0/lib/ruby/gems/2.1.0/specifications/thin-1.4.1.gemspec
I, [2014-02-23T12:50:34.351295 #99727]  INFO -- : 0:  bundler (1.5.1) from /Users/chrisaga/.rvm/rubies/ruby-2.1.0/lib/ruby/gems/2.1.0/specifications/bundler-1.5.1.gemspec
